#
# A fatal error has been detected by the Java Runtime Environment:
#
#  EXCEPTION_ACCESS_VIOLATION (0xc0000005) at pc=0x000000006ee51ecd, pid=5548, tid=0x0000000000004718
#
# JRE version: Java(TM) SE Runtime Environment (8.0_181-b13) (build 1.8.0_181-b13)
# Java VM: Java HotSpot(TM) 64-Bit Server VM (25.181-b13 mixed mode windows-amd64 compressed oops)
# Problematic frame:
# V  [jvm.dll+0x131ecd]
#
# Failed to write core dump. Minidumps are not enabled by default on client versions of Windows
#
# If you would like to submit a bug report, please visit:
#   http://bugreport.java.com/bugreport/crash.jsp
#

---------------  T H R E A D  ---------------

Current thread (0x0000000017f57000):  VMThread [stack: 0x0000000018ff0000,0x00000000190f0000] [id=18200]

siginfo: ExceptionCode=0xc0000005, reading address 0xffffffffffffffff

Registers:
RAX=0x000000001cf7f930, RBX=0x0000000000000001, RCX=0x707cb64d00000000, RDX=0x000000006f4fafa0
RSP=0x00000000190ef560, RBP=0x0000000000000000, RSI=0x707cb64d00000000, RDI=0x0000000000000008
R8 =0x000000000000001c, R9 =0x000000001ec9e560, R10=0x00000000000001fe, R11=0x00000000190ef558
R12=0x000000006f4fafa0, R13=0x0000000000000000, R14=0x000000006f329610, R15=0x000000006f4faed0
RIP=0x000000006ee51ecd, EFLAGS=0x0000000000010246

Top of Stack: (sp=0x00000000190ef560)
0x00000000190ef560:   000000001d00b3c0 000000006ed540bc
0x00000000190ef570:   0000000000000070 0000000019c37fc0
0x00000000190ef580:   000000006f329fb0 000000006f4fafa0
0x00000000190ef590:   0000000000000001 000000006ee28926
0x00000000190ef5a0:   000000000000000e 0000000000000008
0x00000000190ef5b0:   000000006f4fafa0 00000001003a4d68
0x00000000190ef5c0:   00000001003a4d68 000000006ee2ee30
0x00000000190ef5d0:   00000001003a4d68 000000006f4fafa0
0x00000000190ef5e0:   00000000190ef670 0000000004428620
0x00000000190ef5f0:   000000006f4fafa0 000000006ee46e9c
0x00000000190ef600:   00000001003a4b08 0000000000000004
0x00000000190ef610:   0000000000000000 000000006ed87afd
0x00000000190ef620:   000000006f329610 00000000000001fe
0x00000000190ef630:   ffffffffffffff00 0000000000000004
0x00000000190ef640:   0000000000000157 0000000000000000
0x00000000190ef650:   0000000000000000 000000001ec9e560 

Instructions: (pc=0x000000006ee51ecd)
0x000000006ee51ead:   cc cc cc 48 89 6c 24 18 48 89 74 24 20 41 54 48
0x000000006ee51ebd:   83 ec 30 33 ed 48 89 7c 24 48 4c 8b e2 48 8b f1
0x000000006ee51ecd:   39 a9 f8 00 00 00 7f 04 8b fd eb 0f 48 81 c1 00
0x000000006ee51edd:   01 00 00 e8 eb e7 ff ff 48 8b f8 48 89 5c 24 40 


Register to memory mapping:

RAX={method} {0x000000001cf7f938} '<clinit>' '()V' in 'org/springframework/boot/autoconfigure/http/HttpProperties$Encoding'
RBX=0x0000000000000001 is an unknown value
RCX=0x707cb64d00000000 is an unknown value
RDX=0x000000006f4fafa0 is an unknown value
RSP=0x00000000190ef560 is an unknown value
RBP=0x0000000000000000 is an unknown value
RSI=0x707cb64d00000000 is an unknown value
RDI=0x0000000000000008 is an unknown value
R8 =0x000000000000001c is an unknown value
R9 =0x000000001ec9e560 is an unknown value
R10=0x00000000000001fe is an unknown value
R11=0x00000000190ef558 is an unknown value
R12=0x000000006f4fafa0 is an unknown value
R13=0x0000000000000000 is an unknown value
R14=0x000000006f329610 is an unknown value
R15=0x000000006f4faed0 is an unknown value


Stack: [0x0000000018ff0000,0x00000000190f0000],  sp=0x00000000190ef560,  free space=1021k
Native frames: (J=compiled Java code, j=interpreted, Vv=VM code, C=native code)

VM_Operation (0x000000000169eac0): ParallelGCSystemGC, mode: safepoint, requested by thread 0x000000001ea46000


---------------  P R O C E S S  ---------------

Java Threads: ( => current thread )
  0x000000001ea46000 JavaThread "Thread-28" [_thread_blocked, id=15064, stack(0x00000000015a0000,0x00000000016a0000)]
  0x000000001ea3b800 JavaThread "http-nio-8090-Acceptor" daemon [_thread_blocked, id=15264, stack(0x0000000021310000,0x0000000021410000)]
  0x000000001ea40000 JavaThread "DestroyJavaVM" [_thread_blocked, id=3612, stack(0x0000000003160000,0x0000000003260000)]
  0x000000001c534000 JavaThread "Live Reload Server" daemon [_thread_in_native, id=2876, stack(0x000000001fb10000,0x000000001fc10000)]
  0x000000001c30d000 JavaThread "Abandoned connection cleanup thread" daemon [_thread_blocked, id=11804, stack(0x000000001d740000,0x000000001d840000)]
  0x000000001a34d000 JavaThread "RMI TCP Accept-0" daemon [_thread_in_native, id=1956, stack(0x000000001ab30000,0x000000001ac30000)]
  0x000000001a341800 JavaThread "RMI TCP Accept-50682" daemon [_thread_in_native, id=13912, stack(0x000000001aa30000,0x000000001ab30000)]
  0x000000001a334000 JavaThread "RMI TCP Accept-0" daemon [_thread_in_native, id=5036, stack(0x000000001a930000,0x000000001aa30000)]
  0x0000000019924000 JavaThread "Service Thread" daemon [_thread_blocked, id=1928, stack(0x0000000019cf0000,0x0000000019df0000)]
  0x0000000017fa7800 JavaThread "C1 CompilerThread2" daemon [_thread_blocked, id=7408, stack(0x00000000197f0000,0x00000000198f0000)]
  0x0000000017fa6000 JavaThread "C2 CompilerThread1" daemon [_thread_blocked, id=2904, stack(0x00000000196f0000,0x00000000197f0000)]
  0x0000000017f97000 JavaThread "C2 CompilerThread0" daemon [_thread_blocked, id=9352, stack(0x00000000195f0000,0x00000000196f0000)]
  0x0000000017f96000 JavaThread "Attach Listener" daemon [_thread_blocked, id=16936, stack(0x00000000194f0000,0x00000000195f0000)]
  0x0000000017f94800 JavaThread "Signal Dispatcher" daemon [_thread_blocked, id=9840, stack(0x00000000193f0000,0x00000000194f0000)]
  0x0000000017f7f800 JavaThread "Finalizer" daemon [_thread_blocked, id=17480, stack(0x00000000191f0000,0x00000000192f0000)]
  0x0000000017f59000 JavaThread "Reference Handler" daemon [_thread_blocked, id=8172, stack(0x00000000190f0000,0x00000000191f0000)]

Other Threads:
=>0x0000000017f57000 VMThread [stack: 0x0000000018ff0000,0x00000000190f0000] [id=18200]
  0x000000001a34f000 WatcherThread [stack: 0x000000001ac30000,0x000000001ad30000] [id=1492]

VM state:at safepoint (normal execution)

VM Mutex/Monitor currently owned by a thread:  ([mutex/lock_event])
[0x0000000003343d50] Threads_lock - owner thread: 0x0000000017f57000
[0x0000000003344260] Heap_lock - owner thread: 0x000000001ea46000

Heap:
 PSYoungGen      total 297472K, used 9278K [0x00000000d5d80000, 0x00000000e9180000, 0x0000000100000000)
  eden space 280576K, 0% used [0x00000000d5d80000,0x00000000d5d80000,0x00000000e6f80000)
  from space 16896K, 54% used [0x00000000e8100000,0x00000000e8a0f888,0x00000000e9180000)
  to   space 17408K, 0% used [0x00000000e6f80000,0x00000000e6f80000,0x00000000e8080000)
 ParOldGen       total 141824K, used 33736K [0x0000000081800000, 0x000000008a280000, 0x00000000d5d80000)
  object space 141824K, 23% used [0x0000000081800000,0x00000000838f2150,0x000000008a280000)
 Metaspace       used 59441K, capacity 63308K, committed 63616K, reserved 1103872K
  class space    used 8235K, capacity 8973K, committed 9088K, reserved 1048576K

Card table byte_map: [0x0000000012800000,0x0000000012c00000] byte_map_base: 0x00000000123f4000

Marking Bits: (ParMarkBitMap*) 0x000000006f542d00
 Begin Bits: [0x00000000132b0000, 0x0000000015250000)
 End Bits:   [0x0000000015250000, 0x00000000171f0000)

Polling page: 0x0000000001410000

CodeCache: size=245760Kb used=16279Kb max_used=16279Kb free=229481Kb
 bounds [0x0000000003440000, 0x0000000004430000, 0x0000000012440000]
 total_blobs=9310 nmethods=8746 adapters=475
 compilation: enabled

Compilation events (10 events):
Event: 476.240 Thread 0x0000000017fa7800 8872       1       org.apache.tomcat.util.collections.ManagedConcurrentWeakHashMap::createLookupKey (10 bytes)
Event: 476.241 Thread 0x0000000017fa7800 nmethod 8872 0x0000000004426f10 code [0x0000000004427080, 0x0000000004427268]
Event: 476.241 Thread 0x0000000017fa7800 8873       1       org.apache.catalina.core.StandardContext::getApplicationEventListeners (10 bytes)
Event: 476.241 Thread 0x0000000017fa7800 nmethod 8873 0x0000000004427310 code [0x0000000004427460, 0x00000000044275a8]
Event: 476.242 Thread 0x0000000017fa7800 8874       1       java.util.concurrent.CopyOnWriteArrayList::toArray (12 bytes)
Event: 476.242 Thread 0x0000000017fa7800 nmethod 8874 0x0000000004427610 code [0x0000000004427760, 0x00000000044278a8]
Event: 476.243 Thread 0x0000000017fa7800 8875       1       org.apache.catalina.loader.WebappClassLoaderBase::binaryNameToPath (52 bytes)
Event: 476.244 Thread 0x0000000017fa7800 nmethod 8875 0x0000000004427950 code [0x0000000004427b00, 0x0000000004428038]
Event: 476.246 Thread 0x0000000017fa7800 8876       1       java.util.concurrent.locks.ReentrantReadWriteLock$FairSync::writerShouldBlock (5 bytes)
Event: 476.246 Thread 0x0000000017fa7800 nmethod 8876 0x00000000044284d0 code [0x0000000004428620, 0x0000000004428748]

GC Heap History (10 events):
Event: 268.582 GC heap after
Heap after GC invocations=21 (full 5):
 PSYoungGen      total 299008K, used 7448K [0x00000000d5d80000, 0x00000000e9480000, 0x0000000100000000)
  eden space 280576K, 0% used [0x00000000d5d80000,0x00000000d5d80000,0x00000000e6f80000)
  from space 18432K, 40% used [0x00000000e8280000,0x00000000e89c6150,0x00000000e9480000)
  to   space 18944K, 0% used [0x00000000e6f80000,0x00000000e6f80000,0x00000000e8200000)
 ParOldGen       total 141824K, used 30209K [0x0000000081800000, 0x000000008a280000, 0x00000000d5d80000)
  object space 141824K, 21% used [0x0000000081800000,0x0000000083580538,0x000000008a280000)
 Metaspace       used 58406K, capacity 62114K, committed 62336K, reserved 1103872K
  class space    used 8137K, capacity 8810K, committed 8832K, reserved 1048576K
}
Event: 268.582 GC heap before
{Heap before GC invocations=22 (full 6):
 PSYoungGen      total 299008K, used 7448K [0x00000000d5d80000, 0x00000000e9480000, 0x0000000100000000)
  eden space 280576K, 0% used [0x00000000d5d80000,0x00000000d5d80000,0x00000000e6f80000)
  from space 18432K, 40% used [0x00000000e8280000,0x00000000e89c6150,0x00000000e9480000)
  to   space 18944K, 0% used [0x00000000e6f80000,0x00000000e6f80000,0x00000000e8200000)
 ParOldGen       total 141824K, used 30209K [0x0000000081800000, 0x000000008a280000, 0x00000000d5d80000)
  object space 141824K, 21% used [0x0000000081800000,0x0000000083580538,0x000000008a280000)
 Metaspace       used 58406K, capacity 62114K, committed 62336K, reserved 1103872K
  class space    used 8137K, capacity 8810K, committed 8832K, reserved 1048576K
Event: 268.892 GC heap after
Heap after GC invocations=22 (full 6):
 PSYoungGen      total 299008K, used 0K [0x00000000d5d80000, 0x00000000e9480000, 0x0000000100000000)
  eden space 280576K, 0% used [0x00000000d5d80000,0x00000000d5d80000,0x00000000e6f80000)
  from space 18432K, 0% used [0x00000000e8280000,0x00000000e8280000,0x00000000e9480000)
  to   space 18944K, 0% used [0x00000000e6f80000,0x00000000e6f80000,0x00000000e8200000)
 ParOldGen       total 141824K, used 33361K [0x0000000081800000, 0x000000008a280000, 0x00000000d5d80000)
  object space 141824K, 23% used [0x0000000081800000,0x0000000083894570,0x000000008a280000)
 Metaspace       used 58403K, capacity 62108K, committed 62336K, reserved 1103872K
  class space    used 8136K, capacity 8808K, committed 8832K, reserved 1048576K
}
Event: 274.559 GC heap before
{Heap before GC invocations=23 (full 6):
 PSYoungGen      total 299008K, used 241462K [0x00000000d5d80000, 0x00000000e9480000, 0x0000000100000000)
  eden space 280576K, 86% used [0x00000000d5d80000,0x00000000e494db50,0x00000000e6f80000)
  from space 18432K, 0% used [0x00000000e8280000,0x00000000e8280000,0x00000000e9480000)
  to   space 18944K, 0% used [0x00000000e6f80000,0x00000000e6f80000,0x00000000e8200000)
 ParOldGen       total 141824K, used 33361K [0x0000000081800000, 0x000000008a280000, 0x00000000d5d80000)
  object space 141824K, 23% used [0x0000000081800000,0x0000000083894570,0x000000008a280000)
 Metaspace       used 58912K, capacity 62716K, committed 62976K, reserved 1103872K
  class space    used 8186K, capacity 8893K, committed 8960K, reserved 1048576K
Event: 274.571 GC heap after
Heap after GC invocations=23 (full 6):
 PSYoungGen      total 288256K, used 7412K [0x00000000d5d80000, 0x00000000e9280000, 0x0000000100000000)
  eden space 280576K, 0% used [0x00000000d5d80000,0x00000000d5d80000,0x00000000e6f80000)
  from space 7680K, 96% used [0x00000000e6f80000,0x00000000e76bd2d8,0x00000000e7700000)
  to   space 17920K, 0% used [0x00000000e8100000,0x00000000e8100000,0x00000000e9280000)
 ParOldGen       total 141824K, used 33369K [0x0000000081800000, 0x000000008a280000, 0x00000000d5d80000)
  object space 141824K, 23% used [0x0000000081800000,0x0000000083896570,0x000000008a280000)
 Metaspace       used 58912K, capacity 62716K, committed 62976K, reserved 1103872K
  class space    used 8186K, capacity 8893K, committed 8960K, reserved 1048576K
}
Event: 274.571 GC heap before
{Heap before GC invocations=24 (full 7):
 PSYoungGen      total 288256K, used 7412K [0x00000000d5d80000, 0x00000000e9280000, 0x0000000100000000)
  eden space 280576K, 0% used [0x00000000d5d80000,0x00000000d5d80000,0x00000000e6f80000)
  from space 7680K, 96% used [0x00000000e6f80000,0x00000000e76bd2d8,0x00000000e7700000)
  to   space 17920K, 0% used [0x00000000e8100000,0x00000000e8100000,0x00000000e9280000)
 ParOldGen       total 141824K, used 33369K [0x0000000081800000, 0x000000008a280000, 0x00000000d5d80000)
  object space 141824K, 23% used [0x0000000081800000,0x0000000083896570,0x000000008a280000)
 Metaspace       used 58912K, capacity 62716K, committed 62976K, reserved 1103872K
  class space    used 8186K, capacity 8893K, committed 8960K, reserved 1048576K
Event: 274.762 GC heap after
Heap after GC invocations=24 (full 7):
 PSYoungGen      total 288256K, used 0K [0x00000000d5d80000, 0x00000000e9280000, 0x0000000100000000)
  eden space 280576K, 0% used [0x00000000d5d80000,0x00000000d5d80000,0x00000000e6f80000)
  from space 7680K, 0% used [0x00000000e6f80000,0x00000000e6f80000,0x00000000e7700000)
  to   space 17920K, 0% used [0x00000000e8100000,0x00000000e8100000,0x00000000e9280000)
 ParOldGen       total 141824K, used 33728K [0x0000000081800000, 0x000000008a280000, 0x00000000d5d80000)
  object space 141824K, 23% used [0x0000000081800000,0x00000000838f0150,0x000000008a280000)
 Metaspace       used 58910K, capacity 62710K, committed 62976K, reserved 1103872K
  class space    used 8186K, capacity 8891K, committed 8960K, reserved 1048576K
}
Event: 476.247 GC heap before
{Heap before GC invocations=25 (full 7):
 PSYoungGen      total 288256K, used 267355K [0x00000000d5d80000, 0x00000000e9280000, 0x0000000100000000)
  eden space 280576K, 95% used [0x00000000d5d80000,0x00000000e6296f18,0x00000000e6f80000)
  from space 7680K, 0% used [0x00000000e6f80000,0x00000000e6f80000,0x00000000e7700000)
  to   space 17920K, 0% used [0x00000000e8100000,0x00000000e8100000,0x00000000e9280000)
 ParOldGen       total 141824K, used 33728K [0x0000000081800000, 0x000000008a280000, 0x00000000d5d80000)
  object space 141824K, 23% used [0x0000000081800000,0x00000000838f0150,0x000000008a280000)
 Metaspace       used 59441K, capacity 63308K, committed 63616K, reserved 1103872K
  class space    used 8235K, capacity 8973K, committed 9088K, reserved 1048576K
Event: 476.256 GC heap after
Heap after GC invocations=25 (full 7):
 PSYoungGen      total 297472K, used 9278K [0x00000000d5d80000, 0x00000000e9180000, 0x0000000100000000)
  eden space 280576K, 0% used [0x00000000d5d80000,0x00000000d5d80000,0x00000000e6f80000)
  from space 16896K, 54% used [0x00000000e8100000,0x00000000e8a0f888,0x00000000e9180000)
  to   space 17408K, 0% used [0x00000000e6f80000,0x00000000e6f80000,0x00000000e8080000)
 ParOldGen       total 141824K, used 33736K [0x0000000081800000, 0x000000008a280000, 0x00000000d5d80000)
  object space 141824K, 23% used [0x0000000081800000,0x00000000838f2150,0x000000008a280000)
 Metaspace       used 59441K, capacity 63308K, committed 63616K, reserved 1103872K
  class space    used 8235K, capacity 8973K, committed 9088K, reserved 1048576K
}
Event: 476.256 GC heap before
{Heap before GC invocations=26 (full 8):
 PSYoungGen      total 297472K, used 9278K [0x00000000d5d80000, 0x00000000e9180000, 0x0000000100000000)
  eden space 280576K, 0% used [0x00000000d5d80000,0x00000000d5d80000,0x00000000e6f80000)
  from space 16896K, 54% used [0x00000000e8100000,0x00000000e8a0f888,0x00000000e9180000)
  to   space 17408K, 0% used [0x00000000e6f80000,0x00000000e6f80000,0x00000000e8080000)
 ParOldGen       total 141824K, used 33736K [0x0000000081800000, 0x000000008a280000, 0x00000000d5d80000)
  object space 141824K, 23% used [0x0000000081800000,0x00000000838f2150,0x000000008a280000)
 Metaspace       used 59441K, capacity 63308K, committed 63616K, reserved 1103872K
  class space    used 8235K, capacity 8973K, committed 9088K, reserved 1048576K

Deoptimization events (0 events):
No events

Classes redefined (0 events):
No events

Internal exceptions (10 events):
Event: 276.122 Thread 0x000000001c537000 Exception <a 'java/lang/ArrayIndexOutOfBoundsException'> (0x00000000e34a17e0) thrown at [C:\re\workspace\8-2-build-windows-amd64-cygwin\jdk8u181\11358\hotspot\src\share\vm\runtime\sharedRuntime.cpp, line 605]
Event: 276.122 Thread 0x000000001c537000 Exception <a 'java/lang/ArrayIndexOutOfBoundsException'> (0x00000000e34a7698) thrown at [C:\re\workspace\8-2-build-windows-amd64-cygwin\jdk8u181\11358\hotspot\src\share\vm\runtime\sharedRuntime.cpp, line 605]
Event: 276.122 Thread 0x000000001c537000 Exception <a 'java/lang/ArrayIndexOutOfBoundsException'> (0x00000000e34acaf8) thrown at [C:\re\workspace\8-2-build-windows-amd64-cygwin\jdk8u181\11358\hotspot\src\share\vm\runtime\sharedRuntime.cpp, line 605]
Event: 276.125 Thread 0x000000001c537000 Exception <a 'java/lang/ArrayIndexOutOfBoundsException'> (0x00000000e34e6288) thrown at [C:\re\workspace\8-2-build-windows-amd64-cygwin\jdk8u181\11358\hotspot\src\share\vm\runtime\sharedRuntime.cpp, line 605]
Event: 276.125 Thread 0x000000001c537000 Exception <a 'java/lang/ArrayIndexOutOfBoundsException'> (0x00000000e34f1fa8) thrown at [C:\re\workspace\8-2-build-windows-amd64-cygwin\jdk8u181\11358\hotspot\src\share\vm\runtime\sharedRuntime.cpp, line 605]
Event: 276.140 Thread 0x000000001c537000 Exception <a 'java/lang/ArrayIndexOutOfBoundsException'> (0x00000000e3761240) thrown at [C:\re\workspace\8-2-build-windows-amd64-cygwin\jdk8u181\11358\hotspot\src\share\vm\runtime\sharedRuntime.cpp, line 605]
Event: 276.143 Thread 0x000000001c537000 Exception <a 'java/lang/ArrayIndexOutOfBoundsException'> (0x00000000e37cc7b0) thrown at [C:\re\workspace\8-2-build-windows-amd64-cygwin\jdk8u181\11358\hotspot\src\share\vm\runtime\sharedRuntime.cpp, line 605]
Event: 283.645 Thread 0x000000001ea3c800 Exception <a 'java/lang/ArrayIndexOutOfBoundsException'> (0x00000000e3bed590) thrown at [C:\re\workspace\8-2-build-windows-amd64-cygwin\jdk8u181\11358\hotspot\src\share\vm\runtime\sharedRuntime.cpp, line 605]
Event: 283.646 Thread 0x000000001ea3c800 Exception <a 'java/lang/ArrayIndexOutOfBoundsException'> (0x00000000e3bf6670) thrown at [C:\re\workspace\8-2-build-windows-amd64-cygwin\jdk8u181\11358\hotspot\src\share\vm\runtime\sharedRuntime.cpp, line 605]
Event: 476.246 Thread 0x000000001c533800 Exception <a 'java/lang/InterruptedException': sleep interrupted> (0x00000000e61ad250) thrown at [C:\re\workspace\8-2-build-windows-amd64-cygwin\jdk8u181\11358\hotspot\src\share\vm\prims\jvm.cpp, line 3273]

Events (10 events):
Event: 476.246 Executing VM operation: RevokeBias
Event: 476.246 Executing VM operation: RevokeBias done
Event: 476.246 Executing VM operation: RevokeBias
Event: 476.246 Executing VM operation: RevokeBias done
Event: 476.246 Thread 0x000000001c533800 Thread exited: 0x000000001c533800
Event: 476.246 Executing VM operation: BulkRevokeBias
Event: 476.246 Executing VM operation: BulkRevokeBias done
Event: 476.246 Thread 0x000000001c535000 Thread exited: 0x000000001c535000
Event: 476.246 Thread 0x000000001c53a000 Thread exited: 0x000000001c53a000
Event: 476.246 Executing VM operation: ParallelGCSystemGC


Dynamic libraries:
0x00007ff78b9a0000 - 0x00007ff78b9d7000 	C:\Program Files\Java\jre1.8.0_181\bin\javaw.exe
0x00007ff83cb80000 - 0x00007ff83cd70000 	C:\WINDOWS\SYSTEM32\ntdll.dll
0x00007ff83b720000 - 0x00007ff83b7d2000 	C:\WINDOWS\System32\KERNEL32.DLL
0x00007ff839b10000 - 0x00007ff839db3000 	C:\WINDOWS\System32\KERNELBASE.dll
0x00007ff83acb0000 - 0x00007ff83ad53000 	C:\WINDOWS\System32\ADVAPI32.dll
0x00007ff83c150000 - 0x00007ff83c1ee000 	C:\WINDOWS\System32\msvcrt.dll
0x00007ff83af10000 - 0x00007ff83afa7000 	C:\WINDOWS\System32\sechost.dll
0x00007ff83bfd0000 - 0x00007ff83c0f0000 	C:\WINDOWS\System32\RPCRT4.dll
0x00007ff83c310000 - 0x00007ff83c4a4000 	C:\WINDOWS\System32\USER32.dll
0x00007ff83a1a0000 - 0x00007ff83a1c1000 	C:\WINDOWS\System32\win32u.dll
0x00007ff83c1f0000 - 0x00007ff83c216000 	C:\WINDOWS\System32\GDI32.dll
0x00007ff83a310000 - 0x00007ff83a4a4000 	C:\WINDOWS\System32\gdi32full.dll
0x00007ff83a1d0000 - 0x00007ff83a26e000 	C:\WINDOWS\System32\msvcp_win.dll
0x00007ff839ff0000 - 0x00007ff83a0ea000 	C:\WINDOWS\System32\ucrtbase.dll
0x00007ff838e90000 - 0x00007ff839115000 	C:\WINDOWS\WinSxS\amd64_microsoft.windows.common-controls_6595b64144ccf1df_6.0.18362.720_none_e6beb5c51314836b\COMCTL32.dll
0x00007ff83ba30000 - 0x00007ff83bd66000 	C:\WINDOWS\System32\combase.dll
0x00007ff839dc0000 - 0x00007ff839e40000 	C:\WINDOWS\System32\bcryptPrimitives.dll
0x00007ff83b940000 - 0x00007ff83b96e000 	C:\WINDOWS\System32\IMM32.DLL
0x000000006fb10000 - 0x000000006fbe2000 	C:\Program Files\Java\jre1.8.0_181\bin\msvcr100.dll
0x000000006ed20000 - 0x000000006f5c2000 	C:\Program Files\Java\jre1.8.0_181\bin\server\jvm.dll
0x00007ff83c220000 - 0x00007ff83c228000 	C:\WINDOWS\System32\PSAPI.DLL
0x00007ff82c8c0000 - 0x00007ff82c8ca000 	C:\WINDOWS\SYSTEM32\VERSION.dll
0x00007ff836990000 - 0x00007ff8369b4000 	C:\WINDOWS\SYSTEM32\WINMM.dll
0x00007ff836960000 - 0x00007ff83698d000 	C:\WINDOWS\SYSTEM32\winmmbase.dll
0x00007ff83a270000 - 0x00007ff83a2ba000 	C:\WINDOWS\System32\cfgmgr32.dll
0x00007ff81eff0000 - 0x00007ff81eff9000 	C:\WINDOWS\SYSTEM32\WSOCK32.dll
0x00007ff83be20000 - 0x00007ff83be8f000 	C:\WINDOWS\System32\ws2_32.DLL
0x000000006ec30000 - 0x000000006ec3f000 	C:\Program Files\Java\jre1.8.0_181\bin\verify.dll
0x000000006ec00000 - 0x000000006ec29000 	C:\Program Files\Java\jre1.8.0_181\bin\java.dll
0x000000006ebe0000 - 0x000000006ebf6000 	C:\Program Files\Java\jre1.8.0_181\bin\zip.dll
0x00007ff83afb0000 - 0x00007ff83b695000 	C:\WINDOWS\System32\SHELL32.dll
0x00007ff83b980000 - 0x00007ff83ba29000 	C:\WINDOWS\System32\shcore.dll
0x00007ff83a4b0000 - 0x00007ff83ac30000 	C:\WINDOWS\System32\windows.storage.dll
0x00007ff839a90000 - 0x00007ff839ab3000 	C:\WINDOWS\System32\profapi.dll
0x00007ff839ac0000 - 0x00007ff839b0a000 	C:\WINDOWS\System32\powrprof.dll
0x00007ff839a40000 - 0x00007ff839a50000 	C:\WINDOWS\System32\UMPDC.dll
0x00007ff83b6c0000 - 0x00007ff83b712000 	C:\WINDOWS\System32\shlwapi.dll
0x00007ff839a70000 - 0x00007ff839a81000 	C:\WINDOWS\System32\kernel.appcore.dll
0x00007ff83a2c0000 - 0x00007ff83a2d7000 	C:\WINDOWS\System32\cryptsp.dll
0x000000006da90000 - 0x000000006da9d000 	C:\Program Files\Java\jre1.8.0_181\bin\management.dll
0x000000006e0f0000 - 0x000000006e10a000 	C:\Program Files\Java\jre1.8.0_181\bin\net.dll
0x00007ff838c30000 - 0x00007ff838c97000 	C:\WINDOWS\system32\mswsock.dll
0x000000006e0d0000 - 0x000000006e0e1000 	C:\Program Files\Java\jre1.8.0_181\bin\nio.dll
0x00007ff8234d0000 - 0x00007ff8234e6000 	C:\WINDOWS\system32\napinsp.dll
0x00007ff820300000 - 0x00007ff82031a000 	C:\WINDOWS\system32\pnrpnsp.dll
0x00007ff8389d0000 - 0x00007ff838a9a000 	C:\WINDOWS\SYSTEM32\DNSAPI.dll
0x00007ff83c2a0000 - 0x00007ff83c2a8000 	C:\WINDOWS\System32\NSI.dll
0x00007ff838940000 - 0x00007ff83897a000 	C:\WINDOWS\SYSTEM32\IPHLPAPI.DLL
0x00007ff8202b0000 - 0x00007ff8202be000 	C:\WINDOWS\System32\winrnr.dll
0x00007ff834dc0000 - 0x00007ff834ddc000 	C:\WINDOWS\system32\NLAapi.dll
0x00007ff833450000 - 0x00007ff833465000 	C:\WINDOWS\system32\wshbth.dll
0x00007ff832670000 - 0x00007ff83267a000 	C:\Windows\System32\rasadhlp.dll
0x00007ff82f200000 - 0x00007ff82f277000 	C:\WINDOWS\System32\fwpuclnt.dll
0x00007ff83a2e0000 - 0x00007ff83a306000 	C:\WINDOWS\System32\bcrypt.dll
0x00007ff8387a0000 - 0x00007ff8387d3000 	C:\WINDOWS\system32\rsaenh.dll
0x00007ff839960000 - 0x00007ff839985000 	C:\WINDOWS\SYSTEM32\USERENV.dll
0x00007ff838e20000 - 0x00007ff838e2c000 	C:\WINDOWS\SYSTEM32\CRYPTBASE.dll
0x00007ff830880000 - 0x00007ff830896000 	C:\WINDOWS\SYSTEM32\dhcpcsvc6.DLL
0x00007ff831600000 - 0x00007ff83161c000 	C:\WINDOWS\SYSTEM32\dhcpcsvc.DLL
0x000000006da60000 - 0x000000006da84000 	C:\Program Files\Java\jre1.8.0_181\bin\sunec.dll
0x000000006da50000 - 0x000000006da5b000 	C:\Program Files\Java\jre1.8.0_181\bin\sunmscapi.dll
0x00007ff839ea0000 - 0x00007ff839fe9000 	C:\WINDOWS\System32\CRYPT32.dll
0x00007ff839a50000 - 0x00007ff839a62000 	C:\WINDOWS\System32\MSASN1.dll
0x00007ff839640000 - 0x00007ff839834000 	C:\WINDOWS\SYSTEM32\dbghelp.dll

VM Arguments:
jvm_args: -Dcom.sun.management.jmxremote -Dcom.sun.management.jmxremote.port=50682 -Dcom.sun.management.jmxremote.authenticate=false -Dcom.sun.management.jmxremote.ssl=false -Djava.rmi.server.hostname=localhost -Dspring.jmx.enabled=true -Dspring.liveBeansView.mbeanDomain -Dspring.application.admin.enabled=true -Xverify:none -XX:TieredStopAtLevel=1 -Dfile.encoding=UTF-8 
java_command: com.example.psp.RestSpringPspApplication --spring.output.ansi.enabled=always
java_class_path (initial): C:\Users\Pranayk\git\RestSpringPSP\RestSpringPSP\target\classes;C:\Spring tool suit\sts-bundle\sts-3.9.9.RELEASE\plugins\org.aspectj.runtime_1.9.2.201905102027.jar;C:\Users\Pranayk\.m2\repository\org\springframework\boot\spring-boot-starter-data-rest\2.1.8.RELEASE\spring-boot-starter-data-rest-2.1.8.RELEASE.jar;C:\Users\Pranayk\.m2\repository\org\springframework\boot\spring-boot-starter-web\2.1.8.RELEASE\spring-boot-starter-web-2.1.8.RELEASE.jar;C:\Users\Pranayk\.m2\repository\org\springframework\boot\spring-boot-starter-json\2.1.8.RELEASE\spring-boot-starter-json-2.1.8.RELEASE.jar;C:\Users\Pranayk\.m2\repository\com\fasterxml\jackson\datatype\jackson-datatype-jdk8\2.9.9\jackson-datatype-jdk8-2.9.9.jar;C:\Users\Pranayk\.m2\repository\com\fasterxml\jackson\datatype\jackson-datatype-jsr310\2.9.9\jackson-datatype-jsr310-2.9.9.jar;C:\Users\Pranayk\.m2\repository\com\fasterxml\jackson\module\jackson-module-parameter-names\2.9.9\jackson-module-parameter-names-2.9.9.jar;C:\Users\Pranayk\.m2\repository\org\springframework\boot\spring-boot-starter-tomcat\2.1.8.RELEASE\spring-boot-starter-tomcat-2.1.8.RELEASE.jar;C:\Users\Pranayk\.m2\repository\org\apache\tomcat\embed\tomcat-embed-core\9.0.24\tomcat-embed-core-9.0.24.jar;C:\Users\Pranayk\.m2\repository\org\apache\tomcat\embed\tomcat-embed-el\9.0.24\tomcat-embed-el-9.0.24.jar;C:\Users\Pranayk\.m2\repository\org\apache\tomcat\embed\tomcat-embed-websocket\9.0.24\tomcat-embed-websocket-9.0.24.jar;C:\Users\Pranayk\.m2\repository\org\hibernate\validator\hibernate-validator\6.0.17.Final\hibernate-validator-6.0.17.Final.jar;C:\Users\Pranayk\.m2\repository\javax\validation\validation-api\2.0.1.Final\validation-api-2.0.1.Final.jar;C:\Users\Pranayk\.m2\repository\org\springframework\spring-web\5.1.9.RELEASE\spring-web-5.1.9.RELEASE.jar;C:\Users\Pranayk\.m2\repository\org\springframework\spring-webmvc\5.1.9.RELEASE\spring-webmvc-5.1.9.RELEASE.jar;C:\Users\Pranayk\.m2\repository\org\springframework\spring-expr
Launcher Type: SUN_STANDARD

Environment Variables:
JAVA_HOME=C:\Program Files\Java\jdk1.8.0_181\bin
PATH=C:/Program Files/Java/jre1.8.0_181/bin/server;C:/Program Files/Java/jre1.8.0_181/bin;C:/Program Files/Java/jre1.8.0_181/lib/amd64;C:\Program Files (x86)\Intel\Intel(R) Management Engine Components\iCLS\;C:\Program Files\Intel\Intel(R) Management Engine Components\iCLS\;C:\Program Files (x86)\Common Files\Oracle\Java\javapath;C:\Users\Pranayk\gcc\bin;C:\Users\Pranayk\gcc\libexec\gcc\x86_64-pc-mingw32\7.1.0;C:\Windows\system32;C:\Windows;C:\Windows\System32\Wbem;C:\Windows\System32\WindowsPowerShell\v1.0\;C:\Program Files (x86)\NVIDIA Corporation\PhysX\Common;C:\cygwin64\bin;C:\Program Files\Java\jdk1.8.0_144\bin;C:\Program Files\Java\jdk-10.0.1\bin;C:\Program Files\Java\jre1.8.0_144\bin;C:\Program Files\Java\jre-10.0.1\bin;C:\WINDOWS\system32;C:\WINDOWS;C:\WINDOWS\System32\Wbem;C:\WINDOWS\System32\WindowsPowerShell\v1.0\;C:\WINDOWS\System32\OpenSSH\;C:\Program Files\nodejs\;C:\Program Files\MySQL\MySQL Utilities 1.6\;C:\xampp\php;C:\ProgramData\ComposerSetup\bin;C:\Program Files (x86)\Intel\Intel(R) Management Engine Components\DAL;C:\Program Files\Intel\Intel(R) Management Engine Components\DAL;C:\Program Files (x86)\Intel\Intel(R) Management Engine Components\IPT;C:\Program Files\Intel\Intel(R) Management Engine Components\IPT;C:\Program Files\Git\cmd;C:\Users\Pranayk\AppData\Local\Programs\Python\Python37-32\Scripts\;C:\Users\Pranayk\AppData\Local\Programs\Python\Python37-32\;C:\Users\Pranayk\AppData\Local\Microsoft\WindowsApps;C:\cygwin64\bin;C:\Users\Pranayk\AppData\Local\atom\bin;C:\Program Files\MongoDB\Server\4.0\bin;C:\Users\Pranayk\AppData\Roaming\npm;C:\Users\Pranayk\AppData\Local\Programs\Microsoft VS Code\bin;C:\Users\Pranayk\AppData\Local\Microsoft\WindowsApps;C:\Users\Pranayk\AppData\Roaming\Composer\vendor\bin;;C:\Spring tool suit\sts-bundle\sts-3.9.9.RELEASE;
USERNAME=Pranayk
OS=Windows_NT
PROCESSOR_IDENTIFIER=Intel64 Family 6 Model 142 Stepping 9, GenuineIntel



---------------  S Y S T E M  ---------------

OS: Windows 10.0 , 64 bit Build 18362 (10.0.18362.329)

CPU:total 4 (initial active 4) (2 cores per cpu, 2 threads per core) family 6 model 142 stepping 9, cmov, cx8, fxsr, mmx, sse, sse2, sse3, ssse3, sse4.1, sse4.2, popcnt, avx, avx2, aes, clmul, erms, 3dnowpref, lzcnt, ht, tsc, tscinvbit, bmi1, bmi2, adx

Memory: 4k page, physical 8286348k(2586088k free), swap 11169932k(3562472k free)

vm_info: Java HotSpot(TM) 64-Bit Server VM (25.181-b13) for windows-amd64 JRE (1.8.0_181-b13), built on Jul  7 2018 04:01:33 by "java_re" with MS VC++ 10.0 (VS2010)

time: Thu Mar 26 21:54:36 2020
elapsed time: 476 seconds (0d 0h 7m 56s)

